<?xml version="1.0" encoding="UTF-8"?><testrun name="TestRunner (4)" project="E2EProject" tests="5" started="5" failures="0" errors="2" ignored="3">
  <testsuite name="cucumberOptions.TestRunner" time="0.017">
    <testsuite name="Feature: login into application" time="0.017">
      <testsuite name="Scenario: positive test validating login" time="0.009" incomplete="true">
        <error>java.lang.NullPointerException: null value in entry: url=null&#13;
	at com.google.common.collect.CollectPreconditions.checkEntryNotNull(CollectPreconditions.java:34)&#13;
	at com.google.common.collect.SingletonImmutableBiMap.&lt;init&gt;(SingletonImmutableBiMap.java:42)&#13;
	at com.google.common.collect.ImmutableBiMap.of(ImmutableBiMap.java:73)&#13;
	at com.google.common.collect.ImmutableMap.of(ImmutableMap.java:120)&#13;
	at org.openqa.selenium.remote.RemoteWebDriver.get(RemoteWebDriver.java:364)&#13;
	at stepDefinations.stepDefination.navigate_to_something_site(stepDefination.java:26)&#13;
	at ✽.And Navigate to "http://www.qaclickacademy.com" site(login.feature:5)&#13;
&#13;
</error>
        <testcase name="Given initialize webdriver with chrome" classname="Scenario: positive test validating login" time="0.005"/>
        <testcase name="And Navigate to &quot;http://www.qaclickacademy.com&quot; site" classname="Scenario: positive test validating login" time="0.004">
          <error>java.lang.NullPointerException: null value in entry: url=null&#13;
	at com.google.common.collect.CollectPreconditions.checkEntryNotNull(CollectPreconditions.java:34)&#13;
	at com.google.common.collect.SingletonImmutableBiMap.&lt;init&gt;(SingletonImmutableBiMap.java:42)&#13;
	at com.google.common.collect.ImmutableBiMap.of(ImmutableBiMap.java:73)&#13;
	at com.google.common.collect.ImmutableMap.of(ImmutableMap.java:120)&#13;
	at org.openqa.selenium.remote.RemoteWebDriver.get(RemoteWebDriver.java:364)&#13;
	at stepDefinations.stepDefination.navigate_to_something_site(stepDefination.java:26)&#13;
	at ✽.And Navigate to "http://www.qaclickacademy.com" site(login.feature:5)&#13;
&#13;
</error>
        </testcase>
        <testcase name="And Click on login link on home page to land on secure sign in page" classname="Scenario: positive test validating login" time="0.001" ignored="true"/>
        <testcase name="When user enters &quot;test99@gmail.com&quot; and &quot;123456&quot;" classname="Scenario: positive test validating login" time="0.0" ignored="true"/>
        <testcase name="Then verify that user is successfully logged in" classname="Scenario: positive test validating login" time="0.006" ignored="true"/>
      </testsuite>
    </testsuite>
  </testsuite>
</testrun>
