<?xml version="1.0" encoding="UTF-8"?><testrun name="TestRunner (3)" project="E2E_selenium_Project_cloud" tests="1" started="1" failures="0" errors="1" ignored="0">
  <testsuite name="CucumberOptions.TestRunner" time="0.002">
    <testcase name="initializationError" classname="CucumberOptions.TestRunner" time="0.002">
      <error>cucumber.runtime.CucumberException: java.util.regex.PatternSyntaxException: Illegal repetition near index 11&#13;
Navigate to {string} site&#13;
           ^&#13;
	at cucumber.runtime.java.JavaBackend.addStepDefinition(JavaBackend.java:156)&#13;
	at cucumber.runtime.java.MethodScanner.scan(MethodScanner.java:68)&#13;
	at cucumber.runtime.java.MethodScanner.scan(MethodScanner.java:41)&#13;
	at cucumber.runtime.java.JavaBackend.loadGlue(JavaBackend.java:86)&#13;
	at cucumber.runtime.Runtime.&lt;init&gt;(Runtime.java:92)&#13;
	at cucumber.runtime.Runtime.&lt;init&gt;(Runtime.java:70)&#13;
	at cucumber.runtime.Runtime.&lt;init&gt;(Runtime.java:66)&#13;
	at cucumber.api.junit.Cucumber.createRuntime(Cucumber.java:80)&#13;
	at cucumber.api.junit.Cucumber.&lt;init&gt;(Cucumber.java:59)&#13;
	at sun.reflect.NativeConstructorAccessorImpl.newInstance0(Native Method)&#13;
	at sun.reflect.NativeConstructorAccessorImpl.newInstance(NativeConstructorAccessorImpl.java:62)&#13;
	at sun.reflect.DelegatingConstructorAccessorImpl.newInstance(DelegatingConstructorAccessorImpl.java:45)&#13;
	at java.lang.reflect.Constructor.newInstance(Constructor.java:423)&#13;
	at org.junit.internal.builders.AnnotatedBuilder.buildRunner(AnnotatedBuilder.java:104)&#13;
	at org.junit.internal.builders.AnnotatedBuilder.runnerForClass(AnnotatedBuilder.java:86)&#13;
	at org.junit.runners.model.RunnerBuilder.safeRunnerForClass(RunnerBuilder.java:59)&#13;
	at org.junit.internal.builders.AllDefaultPossibilitiesBuilder.runnerForClass(AllDefaultPossibilitiesBuilder.java:26)&#13;
	at org.junit.runners.model.RunnerBuilder.safeRunnerForClass(RunnerBuilder.java:59)&#13;
	at org.junit.internal.requests.ClassRequest.getRunner(ClassRequest.java:33)&#13;
	at org.eclipse.jdt.internal.junit4.runner.JUnit4TestLoader.createUnfilteredTest(JUnit4TestLoader.java:84)&#13;
	at org.eclipse.jdt.internal.junit4.runner.JUnit4TestLoader.createTest(JUnit4TestLoader.java:70)&#13;
	at org.eclipse.jdt.internal.junit4.runner.JUnit4TestLoader.loadTests(JUnit4TestLoader.java:43)&#13;
	at org.eclipse.jdt.internal.junit.runner.RemoteTestRunner.runTests(RemoteTestRunner.java:444)&#13;
	at org.eclipse.jdt.internal.junit.runner.RemoteTestRunner.runTests(RemoteTestRunner.java:678)&#13;
	at org.eclipse.jdt.internal.junit.runner.RemoteTestRunner.run(RemoteTestRunner.java:382)&#13;
	at org.eclipse.jdt.internal.junit.runner.RemoteTestRunner.main(RemoteTestRunner.java:192)&#13;
Caused by: java.util.regex.PatternSyntaxException: Illegal repetition near index 11&#13;
Navigate to {string} site&#13;
           ^&#13;
	at java.util.regex.Pattern.error(Pattern.java:1955)&#13;
	at java.util.regex.Pattern.closure(Pattern.java:3157)&#13;
	at java.util.regex.Pattern.sequence(Pattern.java:2134)&#13;
	at java.util.regex.Pattern.expr(Pattern.java:1996)&#13;
	at java.util.regex.Pattern.compile(Pattern.java:1696)&#13;
	at java.util.regex.Pattern.&lt;init&gt;(Pattern.java:1351)&#13;
	at java.util.regex.Pattern.compile(Pattern.java:1028)&#13;
	at cucumber.runtime.java.JavaBackend.pattern(JavaBackend.java:203)&#13;
	at cucumber.runtime.java.JavaBackend.addStepDefinition(JavaBackend.java:151)&#13;
	... 25 more&#13;
&#13;
</error>
    </testcase>
  </testsuite>
</testrun>
