<?xml version="1.0" encoding="UTF-8"?><testrun name="TestRunner (6)" project="DeepakE2EProjectCucumber" tests="10" started="10" failures="0" errors="2" ignored="0">
  <testsuite name="CucumberOptions.TestRunner" time="50.016">
    <testsuite name="Feature: Login into application" time="50.016">
      <testsuite name="Scenario Outline: Positive test validating ligin" time="50.016">
        <testsuite name="Examples:" time="50.016">
          <testsuite name="| test99@gmail.com | 123456 |" time="14.782">
            <testcase name="Given Initialize browser in chrome" classname="| test99@gmail.com | 123456 |" time="2.764"/>
            <testcase name="And navigate to &quot;http://qaclickacademy.com&quot; site" classname="| test99@gmail.com | 123456 |" time="5.826"/>
            <testcase name="And click on loginlink in homepage to land on secure sign in page" classname="| test99@gmail.com | 123456 |" time="4.914"/>
            <testcase name="When user enters test99@gmail.com and 123456" classname="| test99@gmail.com | 123456 |" time="1.276"/>
            <testcase name="Then verify that user is successfully logged in" classname="| test99@gmail.com | 123456 |" time="0.001"/>
          </testsuite>
          <testsuite name="| deepak@gmail.com | 123456 |" time="31.257" incomplete="true">
            <error>org.openqa.selenium.NoSuchElementException: Unable to locate element: //input[@id='search-courses']
For documentation on this error, please visit: https://www.seleniumhq.org/exceptions/no_such_element.html
Build info: version: '3.141.59', revision: 'e82be7d358', time: '2018-11-14T08:17:03'
System info: host: 'DESKTOP-CFCNF77', ip: '192.168.56.1', os.name: 'Windows 10', os.arch: 'amd64', os.version: '10.0', java.version: '1.8.0_131'
Driver info: org.openqa.selenium.firefox.FirefoxDriver
Capabilities {acceptInsecureCerts: true, browserName: firefox, browserVersion: 66.0.3, javascriptEnabled: true, moz:accessibilityChecks: false, moz:geckodriverVersion: 0.24.0, moz:headless: false, moz:processID: 21516, moz:profile: C:\Users\Deepak\AppData\Loc..., moz:shutdownTimeout: 60000, moz:useNonSpecCompliantPointerOrigin: false, moz:webdriverClick: true, pageLoadStrategy: normal, platform: WINDOWS, platformName: WINDOWS, platformVersion: 10.0, rotatable: false, setWindowRect: true, strictFileInteractability: false, timeouts: {implicit: 0, pageLoad: 300000, script: 30000}, unhandledPromptBehavior: dismiss and notify}
Session ID: 3719e44c-fbd8-4810-bab4-6ac320f86d15
*** Element info: {Using=xpath, value=//input[@id='search-courses']}&#13;
	at sun.reflect.NativeConstructorAccessorImpl.newInstance0(Native Method)&#13;
	at sun.reflect.NativeConstructorAccessorImpl.newInstance(NativeConstructorAccessorImpl.java:62)&#13;
	at sun.reflect.DelegatingConstructorAccessorImpl.newInstance(DelegatingConstructorAccessorImpl.java:45)&#13;
	at java.lang.reflect.Constructor.newInstance(Constructor.java:423)&#13;
	at org.openqa.selenium.remote.http.W3CHttpResponseCodec.createException(W3CHttpResponseCodec.java:187)&#13;
	at org.openqa.selenium.remote.http.W3CHttpResponseCodec.decode(W3CHttpResponseCodec.java:122)&#13;
	at org.openqa.selenium.remote.http.W3CHttpResponseCodec.decode(W3CHttpResponseCodec.java:49)&#13;
	at org.openqa.selenium.remote.HttpCommandExecutor.execute(HttpCommandExecutor.java:158)&#13;
	at org.openqa.selenium.remote.service.DriverCommandExecutor.execute(DriverCommandExecutor.java:83)&#13;
	at org.openqa.selenium.remote.RemoteWebDriver.execute(RemoteWebDriver.java:552)&#13;
	at org.openqa.selenium.remote.RemoteWebDriver.findElement(RemoteWebDriver.java:323)&#13;
	at org.openqa.selenium.remote.RemoteWebDriver.findElementByXPath(RemoteWebDriver.java:428)&#13;
	at org.openqa.selenium.By$ByXPath.findElement(By.java:353)&#13;
	at org.openqa.selenium.remote.RemoteWebDriver.findElement(RemoteWebDriver.java:315)&#13;
	at pageObjects.portalHomePage.searchBox(portalHomePage.java:21)&#13;
	at stepDefinations.stepDefination.verify_that_user_is_successfully_logged_in(stepDefination.java:58)&#13;
	at ✽.Then verify that user is successfully logged in(login.feature:8)&#13;
&#13;
</error>
            <testcase name="Given Initialize browser in chrome" classname="| deepak@gmail.com | 123456 |" time="3.072"/>
            <testcase name="And navigate to &quot;http://qaclickacademy.com&quot; site" classname="| deepak@gmail.com | 123456 |" time="5.997"/>
            <testcase name="And click on loginlink in homepage to land on secure sign in page" classname="| deepak@gmail.com | 123456 |" time="2.129"/>
            <testcase name="When user enters deepak@gmail.com and 123456" classname="| deepak@gmail.com | 123456 |" time="20.042"/>
            <testcase name="Then verify that user is successfully logged in" classname="| deepak@gmail.com | 123456 |" time="0.016">
              <error>org.openqa.selenium.NoSuchElementException: Unable to locate element: //input[@id='search-courses']
For documentation on this error, please visit: https://www.seleniumhq.org/exceptions/no_such_element.html
Build info: version: '3.141.59', revision: 'e82be7d358', time: '2018-11-14T08:17:03'
System info: host: 'DESKTOP-CFCNF77', ip: '192.168.56.1', os.name: 'Windows 10', os.arch: 'amd64', os.version: '10.0', java.version: '1.8.0_131'
Driver info: org.openqa.selenium.firefox.FirefoxDriver
Capabilities {acceptInsecureCerts: true, browserName: firefox, browserVersion: 66.0.3, javascriptEnabled: true, moz:accessibilityChecks: false, moz:geckodriverVersion: 0.24.0, moz:headless: false, moz:processID: 21516, moz:profile: C:\Users\Deepak\AppData\Loc..., moz:shutdownTimeout: 60000, moz:useNonSpecCompliantPointerOrigin: false, moz:webdriverClick: true, pageLoadStrategy: normal, platform: WINDOWS, platformName: WINDOWS, platformVersion: 10.0, rotatable: false, setWindowRect: true, strictFileInteractability: false, timeouts: {implicit: 0, pageLoad: 300000, script: 30000}, unhandledPromptBehavior: dismiss and notify}
Session ID: 3719e44c-fbd8-4810-bab4-6ac320f86d15
*** Element info: {Using=xpath, value=//input[@id='search-courses']}&#13;
	at sun.reflect.NativeConstructorAccessorImpl.newInstance0(Native Method)&#13;
	at sun.reflect.NativeConstructorAccessorImpl.newInstance(NativeConstructorAccessorImpl.java:62)&#13;
	at sun.reflect.DelegatingConstructorAccessorImpl.newInstance(DelegatingConstructorAccessorImpl.java:45)&#13;
	at java.lang.reflect.Constructor.newInstance(Constructor.java:423)&#13;
	at org.openqa.selenium.remote.http.W3CHttpResponseCodec.createException(W3CHttpResponseCodec.java:187)&#13;
	at org.openqa.selenium.remote.http.W3CHttpResponseCodec.decode(W3CHttpResponseCodec.java:122)&#13;
	at org.openqa.selenium.remote.http.W3CHttpResponseCodec.decode(W3CHttpResponseCodec.java:49)&#13;
	at org.openqa.selenium.remote.HttpCommandExecutor.execute(HttpCommandExecutor.java:158)&#13;
	at org.openqa.selenium.remote.service.DriverCommandExecutor.execute(DriverCommandExecutor.java:83)&#13;
	at org.openqa.selenium.remote.RemoteWebDriver.execute(RemoteWebDriver.java:552)&#13;
	at org.openqa.selenium.remote.RemoteWebDriver.findElement(RemoteWebDriver.java:323)&#13;
	at org.openqa.selenium.remote.RemoteWebDriver.findElementByXPath(RemoteWebDriver.java:428)&#13;
	at org.openqa.selenium.By$ByXPath.findElement(By.java:353)&#13;
	at org.openqa.selenium.remote.RemoteWebDriver.findElement(RemoteWebDriver.java:315)&#13;
	at pageObjects.portalHomePage.searchBox(portalHomePage.java:21)&#13;
	at stepDefinations.stepDefination.verify_that_user_is_successfully_logged_in(stepDefination.java:58)&#13;
	at ✽.Then verify that user is successfully logged in(login.feature:8)&#13;
&#13;
</error>
            </testcase>
          </testsuite>
        </testsuite>
      </testsuite>
    </testsuite>
  </testsuite>
</testrun>
