<?xml version="1.0" encoding="UTF-8"?>
<!-- Generated by org.testng.reporters.JUnitXMLReporter -->
<testsuite hostname="DESKTOP-CFCNF77" name="Test" tests="2" failures="1" timestamp="19 May 2019 10:54:59 GMT" time="0.575" errors="0">
  <testcase name="feature" time="0.161" classname="CucumberOptions.TestRunner"/>
  <testcase name="feature" time="0.006" classname="CucumberOptions.TestRunner">
    <failure type="cucumber.runtime.CucumberException" message="java.lang.AssertionError">
      <![CDATA[cucumber.runtime.CucumberException: java.lang.AssertionError
	at cucumber.api.testng.TestNGCucumberRunner.runCucumber(TestNGCucumberRunner.java:69)
	at cucumber.api.testng.AbstractTestNGCucumberTests.feature(AbstractTestNGCucumberTests.java:21)
Caused by: java.lang.AssertionError
	at org.junit.Assert.fail(Assert.java:86)
	at org.junit.Assert.assertTrue(Assert.java:41)
	at org.junit.Assert.assertTrue(Assert.java:52)
	at stepDefination1.stepDefination.user_login_into_application_with_something_and_something(stepDefination.java:33)
	at âœ½.When user login into application with "Rajesh" and "password123"(login2.feature:5)
... Removed 27 stack frames]]>
    </failure>
  </testcase> <!-- feature -->
</testsuite> <!-- Test -->
